[2019-09-11 18:00:44,213] INFO [Controller id=0] Processing automatic preferred replica leader election (kafka.controller.KafkaController)
[2019-09-11 18:00:44,214] TRACE [Controller id=0] Checking need to trigger auto leader balancing (kafka.controller.KafkaController)
[2019-09-11 18:00:44,214] DEBUG [Controller id=0] Preferred replicas by broker Map(0 -> Map(bds-0 -> Vector(0), bds_filled-0 -> Vector(0))) (kafka.controller.KafkaController)
[2019-09-11 18:00:44,214] DEBUG [Controller id=0] Topics not in preferred replica for broker 0 Map() (kafka.controller.KafkaController)
[2019-09-11 18:00:44,214] TRACE [Controller id=0] Leader imbalance ratio for broker 0 is 0.0 (kafka.controller.KafkaController)
[2019-09-11 18:05:44,214] INFO [Controller id=0] Processing automatic preferred replica leader election (kafka.controller.KafkaController)
[2019-09-11 18:05:44,214] TRACE [Controller id=0] Checking need to trigger auto leader balancing (kafka.controller.KafkaController)
[2019-09-11 18:05:44,214] DEBUG [Controller id=0] Preferred replicas by broker Map(0 -> Map(bds-0 -> Vector(0), bds_filled-0 -> Vector(0))) (kafka.controller.KafkaController)
[2019-09-11 18:05:44,214] DEBUG [Controller id=0] Topics not in preferred replica for broker 0 Map() (kafka.controller.KafkaController)
[2019-09-11 18:05:44,215] TRACE [Controller id=0] Leader imbalance ratio for broker 0 is 0.0 (kafka.controller.KafkaController)
[2019-09-11 18:10:44,215] INFO [Controller id=0] Processing automatic preferred replica leader election (kafka.controller.KafkaController)
[2019-09-11 18:10:44,215] TRACE [Controller id=0] Checking need to trigger auto leader balancing (kafka.controller.KafkaController)
[2019-09-11 18:10:44,215] DEBUG [Controller id=0] Preferred replicas by broker Map(0 -> Map(bds-0 -> Vector(0), bds_filled-0 -> Vector(0))) (kafka.controller.KafkaController)
[2019-09-11 18:10:44,215] DEBUG [Controller id=0] Topics not in preferred replica for broker 0 Map() (kafka.controller.KafkaController)
[2019-09-11 18:10:44,215] TRACE [Controller id=0] Leader imbalance ratio for broker 0 is 0.0 (kafka.controller.KafkaController)
[2019-09-11 18:15:44,215] INFO [Controller id=0] Processing automatic preferred replica leader election (kafka.controller.KafkaController)
[2019-09-11 18:15:44,215] TRACE [Controller id=0] Checking need to trigger auto leader balancing (kafka.controller.KafkaController)
[2019-09-11 18:15:44,216] DEBUG [Controller id=0] Preferred replicas by broker Map(0 -> Map(bds-0 -> Vector(0), bds_filled-0 -> Vector(0))) (kafka.controller.KafkaController)
[2019-09-11 18:15:44,216] DEBUG [Controller id=0] Topics not in preferred replica for broker 0 Map() (kafka.controller.KafkaController)
[2019-09-11 18:15:44,216] TRACE [Controller id=0] Leader imbalance ratio for broker 0 is 0.0 (kafka.controller.KafkaController)
[2019-09-11 18:20:44,216] INFO [Controller id=0] Processing automatic preferred replica leader election (kafka.controller.KafkaController)
[2019-09-11 18:20:44,216] TRACE [Controller id=0] Checking need to trigger auto leader balancing (kafka.controller.KafkaController)
[2019-09-11 18:20:44,216] DEBUG [Controller id=0] Preferred replicas by broker Map(0 -> Map(bds-0 -> Vector(0), bds_filled-0 -> Vector(0))) (kafka.controller.KafkaController)
[2019-09-11 18:20:44,216] DEBUG [Controller id=0] Topics not in preferred replica for broker 0 Map() (kafka.controller.KafkaController)
[2019-09-11 18:20:44,216] TRACE [Controller id=0] Leader imbalance ratio for broker 0 is 0.0 (kafka.controller.KafkaController)
[2019-09-11 18:25:44,216] INFO [Controller id=0] Processing automatic preferred replica leader election (kafka.controller.KafkaController)
[2019-09-11 18:25:44,216] TRACE [Controller id=0] Checking need to trigger auto leader balancing (kafka.controller.KafkaController)
[2019-09-11 18:25:44,217] DEBUG [Controller id=0] Preferred replicas by broker Map(0 -> Map(bds-0 -> Vector(0), bds_filled-0 -> Vector(0))) (kafka.controller.KafkaController)
[2019-09-11 18:25:44,217] DEBUG [Controller id=0] Topics not in preferred replica for broker 0 Map() (kafka.controller.KafkaController)
[2019-09-11 18:25:44,217] TRACE [Controller id=0] Leader imbalance ratio for broker 0 is 0.0 (kafka.controller.KafkaController)
[2019-09-11 18:30:44,217] INFO [Controller id=0] Processing automatic preferred replica leader election (kafka.controller.KafkaController)
[2019-09-11 18:30:44,217] TRACE [Controller id=0] Checking need to trigger auto leader balancing (kafka.controller.KafkaController)
[2019-09-11 18:30:44,217] DEBUG [Controller id=0] Preferred replicas by broker Map(0 -> Map(bds-0 -> Vector(0), bds_filled-0 -> Vector(0))) (kafka.controller.KafkaController)
[2019-09-11 18:30:44,217] DEBUG [Controller id=0] Topics not in preferred replica for broker 0 Map() (kafka.controller.KafkaController)
[2019-09-11 18:30:44,217] TRACE [Controller id=0] Leader imbalance ratio for broker 0 is 0.0 (kafka.controller.KafkaController)
