[2019-09-11 17:10:37,024] DEBUG preRegister called. Server=com.sun.jmx.mbeanserver.JmxMBeanServer@5f150435, name=log4j:logger=state.change.logger (state.change.logger)
[2019-09-11 17:10:39,212] TRACE [Controller id=0 epoch=1] Received response {error_code=0} for request UPDATE_METADATA with correlation id 0 sent to broker tindang:9092 (id: 0 rack: null) (state.change.logger)
[2019-09-11 17:10:43,857] TRACE [Controller id=0 epoch=1] Changed partition bds-0 state from NonExistentPartition to NewPartition with assigned replicas 0 (state.change.logger)
[2019-09-11 17:10:43,860] TRACE [Controller id=0 epoch=1] Changed state of replica 0 for partition bds-0 from NonExistentReplica to NewReplica (state.change.logger)
[2019-09-11 17:10:43,875] TRACE [Controller id=0 epoch=1] Changed partition bds-0 from NewPartition to OnlinePartition with state LeaderAndIsr(leader=0, leaderEpoch=0, isr=List(0), zkVersion=0) (state.change.logger)
[2019-09-11 17:10:43,876] TRACE [Controller id=0 epoch=1] Sending become-leader LeaderAndIsr request PartitionState(controllerEpoch=1, leader=0, leaderEpoch=0, isr=0, zkVersion=0, replicas=0, isNew=true) to broker 0 for partition bds-0 (state.change.logger)
[2019-09-11 17:10:43,877] TRACE [Controller id=0 epoch=1] Sending UpdateMetadata request PartitionState(controllerEpoch=1, leader=0, leaderEpoch=0, isr=[0], zkVersion=0, replicas=[0], offlineReplicas=[]) to brokers Set(0) for partition bds-0 (state.change.logger)
[2019-09-11 17:10:43,877] TRACE [Controller id=0 epoch=1] Changed state of replica 0 for partition bds-0 from NewReplica to OnlineReplica (state.change.logger)
[2019-09-11 17:10:43,879] TRACE [Broker id=0] Received LeaderAndIsr request PartitionState(controllerEpoch=1, leader=0, leaderEpoch=0, isr=0, zkVersion=0, replicas=0, isNew=true) correlation id 1 from controller 0 epoch 1 for partition bds-0 (state.change.logger)
[2019-09-11 17:10:43,884] TRACE [Broker id=0] Handling LeaderAndIsr request correlationId 1 from controller 0 epoch 1 starting the become-leader transition for partition bds-0 (state.change.logger)
[2019-09-11 17:10:43,940] TRACE [Broker id=0] Stopped fetchers as part of become-leader request from controller 0 epoch 1 with correlation id 1 for partition bds-0 (last update controller epoch 1) (state.change.logger)
[2019-09-11 17:10:43,940] TRACE [Broker id=0] Completed LeaderAndIsr request correlationId 1 from controller 0 epoch 1 for the become-leader transition for partition bds-0 (state.change.logger)
[2019-09-11 17:10:43,944] TRACE [Controller id=0 epoch=1] Received response {error_code=0,partitions=[{topic=bds,partition=0,error_code=0}]} for request LEADER_AND_ISR with correlation id 1 sent to broker tindang:9092 (id: 0 rack: null) (state.change.logger)
[2019-09-11 17:10:43,947] TRACE [Broker id=0] Cached leader info PartitionState(controllerEpoch=1, leader=0, leaderEpoch=0, isr=[0], zkVersion=0, replicas=[0], offlineReplicas=[]) for partition bds-0 in response to UpdateMetadata request sent by controller 0 epoch 1 with correlation id 2 (state.change.logger)
[2019-09-11 17:10:43,947] TRACE [Controller id=0 epoch=1] Received response {error_code=0} for request UPDATE_METADATA with correlation id 2 sent to broker tindang:9092 (id: 0 rack: null) (state.change.logger)
[2019-09-11 17:36:40,814] TRACE [Controller id=0 epoch=1] Changed partition bds_filled-0 state from NonExistentPartition to NewPartition with assigned replicas 0 (state.change.logger)
[2019-09-11 17:36:40,815] TRACE [Controller id=0 epoch=1] Changed state of replica 0 for partition bds_filled-0 from NonExistentReplica to NewReplica (state.change.logger)
[2019-09-11 17:36:40,820] TRACE [Controller id=0 epoch=1] Changed partition bds_filled-0 from NewPartition to OnlinePartition with state LeaderAndIsr(leader=0, leaderEpoch=0, isr=List(0), zkVersion=0) (state.change.logger)
[2019-09-11 17:36:40,820] TRACE [Controller id=0 epoch=1] Sending become-leader LeaderAndIsr request PartitionState(controllerEpoch=1, leader=0, leaderEpoch=0, isr=0, zkVersion=0, replicas=0, isNew=true) to broker 0 for partition bds_filled-0 (state.change.logger)
[2019-09-11 17:36:40,820] TRACE [Controller id=0 epoch=1] Sending UpdateMetadata request PartitionState(controllerEpoch=1, leader=0, leaderEpoch=0, isr=[0], zkVersion=0, replicas=[0], offlineReplicas=[]) to brokers Set(0) for partition bds_filled-0 (state.change.logger)
[2019-09-11 17:36:40,820] TRACE [Controller id=0 epoch=1] Changed state of replica 0 for partition bds_filled-0 from NewReplica to OnlineReplica (state.change.logger)
[2019-09-11 17:36:40,822] TRACE [Broker id=0] Received LeaderAndIsr request PartitionState(controllerEpoch=1, leader=0, leaderEpoch=0, isr=0, zkVersion=0, replicas=0, isNew=true) correlation id 3 from controller 0 epoch 1 for partition bds_filled-0 (state.change.logger)
[2019-09-11 17:36:40,823] TRACE [Broker id=0] Handling LeaderAndIsr request correlationId 3 from controller 0 epoch 1 starting the become-leader transition for partition bds_filled-0 (state.change.logger)
[2019-09-11 17:36:40,829] TRACE [Broker id=0] Stopped fetchers as part of become-leader request from controller 0 epoch 1 with correlation id 3 for partition bds_filled-0 (last update controller epoch 1) (state.change.logger)
[2019-09-11 17:36:40,829] TRACE [Broker id=0] Completed LeaderAndIsr request correlationId 3 from controller 0 epoch 1 for the become-leader transition for partition bds_filled-0 (state.change.logger)
[2019-09-11 17:36:40,830] TRACE [Controller id=0 epoch=1] Received response {error_code=0,partitions=[{topic=bds_filled,partition=0,error_code=0}]} for request LEADER_AND_ISR with correlation id 3 sent to broker tindang:9092 (id: 0 rack: null) (state.change.logger)
[2019-09-11 17:36:40,830] TRACE [Broker id=0] Cached leader info PartitionState(controllerEpoch=1, leader=0, leaderEpoch=0, isr=[0], zkVersion=0, replicas=[0], offlineReplicas=[]) for partition bds_filled-0 in response to UpdateMetadata request sent by controller 0 epoch 1 with correlation id 4 (state.change.logger)
[2019-09-11 17:36:40,830] TRACE [Controller id=0 epoch=1] Received response {error_code=0} for request UPDATE_METADATA with correlation id 4 sent to broker tindang:9092 (id: 0 rack: null) (state.change.logger)
